# JRE version: OpenJDK Runtime Environment Corretto-17.0.13.11.1 (17.0.13+11) (build 17.0.13+11-LTS)
# Java VM: OpenJDK 64-Bit Server VM Corretto-17.0.13.11.1 (17.0.13+11-LTS, mixed mode, sharing, tiered, compressed oops, compressed class ptrs, g1 gc, windows-amd64)
GC Precious Log:
 CPUs: 12 total, 12 available
 Memory: 32604M
 Large Page Support: Disabled
 NUMA Support: Disabled
 Compressed Oops: Enabled (32-bit)
 Heap Region Size: 1M
 Heap Min Capacity: 8M
 Heap Initial Capacity: 510M
 Heap Max Capacity: 2G
 Pre-touch: Disabled
 Parallel Workers: 10
 Concurrent Workers: 3
 Concurrent Refinement Workers: 10
 Periodic GC: Disabled
Heap:
 garbage-first heap   total 245760K, used 183278K [0x0000000080000000, 0x0000000100000000)
  region size 1024K, 61 young (62464K), 11 survivors (11264K)
 Metaspace       used 119479K, committed 120640K, reserved 1179648K
  class space    used 17078K, committed 17664K, reserved 1048576K
GC Heap History (20 events):
Event: 9.856 GC heap before
{Heap before GC invocations=18 (full 0):
 garbage-first heap   total 245760K, used 198814K [0x0000000080000000, 0x0000000100000000)
  region size 1024K, 109 young (111616K), 14 survivors (14336K)
 Metaspace       used 91651K, committed 92416K, reserved 1179648K
  class space    used 12910K, committed 13312K, reserved 1048576K
}
Event: 9.863 GC heap after
{Heap after GC invocations=19 (full 0):
 garbage-first heap   total 245760K, used 108772K [0x0000000080000000, 0x0000000100000000)
  region size 1024K, 7 young (7168K), 7 survivors (7168K)
 Metaspace       used 91651K, committed 92416K, reserved 1179648K
  class space    used 12910K, committed 13312K, reserved 1048576K
}
Event: 10.237 GC heap before
{Heap before GC invocations=19 (full 0):
 garbage-first heap   total 245760K, used 199908K [0x0000000080000000, 0x0000000100000000)
  region size 1024K, 97 young (99328K), 7 survivors (7168K)
 Metaspace       used 92840K, committed 93696K, reserved 1179648K
  class space    used 13082K, committed 13504K, reserved 1048576K
}
Event: 10.243 GC heap after
{Heap after GC invocations=20 (full 0):
 garbage-first heap   total 245760K, used 111916K [0x0000000080000000, 0x0000000100000000)
  region size 1024K, 10 young (10240K), 10 survivors (10240K)
 Metaspace       used 92840K, committed 93696K, reserved 1179648K
  class space    used 13082K, committed 13504K, reserved 1048576K
}
Event: 10.565 GC heap before
{Heap before GC invocations=20 (full 0):
 garbage-first heap   total 245760K, used 199980K [0x0000000080000000, 0x0000000100000000)
  region size 1024K, 97 young (99328K), 10 survivors (10240K)
 Metaspace       used 95409K, committed 96256K, reserved 1179648K
  class space    used 13412K, committed 13824K, reserved 1048576K
}
Event: 10.570 GC heap after
{Heap after GC invocations=21 (full 0):
 garbage-first heap   total 245760K, used 116575K [0x0000000080000000, 0x0000000100000000)
  region size 1024K, 11 young (11264K), 11 survivors (11264K)
 Metaspace       used 95409K, committed 96256K, reserved 1179648K
  class space    used 13412K, committed 13824K, reserved 1048576K
}
Event: 17.362 GC heap before
{Heap before GC invocations=21 (full 0):
 garbage-first heap   total 245760K, used 167775K [0x0000000080000000, 0x0000000100000000)
  region size 1024K, 59 young (60416K), 11 survivors (11264K)
 Metaspace       used 96812K, committed 97792K, reserved 1179648K
  class space    used 13618K, committed 14080K, reserved 1048576K
}
Event: 17.366 GC heap after
{Heap after GC invocations=22 (full 0):
 garbage-first heap   total 245760K, used 122647K [0x0000000080000000, 0x0000000100000000)
  region size 1024K, 5 young (5120K), 5 survivors (5120K)
 Metaspace       used 96812K, committed 97792K, reserved 1179648K
  class space    used 13618K, committed 14080K, reserved 1048576K
}
Event: 17.981 GC heap before
{Heap before GC invocations=23 (full 0):
 garbage-first heap   total 245760K, used 203543K [0x0000000080000000, 0x0000000100000000)
  region size 1024K, 84 young (86016K), 5 survivors (5120K)
 Metaspace       used 105930K, committed 106880K, reserved 1179648K
  class space    used 14940K, committed 15424K, reserved 1048576K
}
Event: 17.986 GC heap after
{Heap after GC invocations=24 (full 0):
 garbage-first heap   total 245760K, used 120554K [0x0000000080000000, 0x0000000100000000)
  region size 1024K, 7 young (7168K), 7 survivors (7168K)
 Metaspace       used 105930K, committed 106880K, reserved 1179648K
  class space    used 14940K, committed 15424K, reserved 1048576K
}
Event: 18.020 GC heap before
{Heap before GC invocations=24 (full 0):
 garbage-first heap   total 245760K, used 125674K [0x0000000080000000, 0x0000000100000000)
  region size 1024K, 12 young (12288K), 7 survivors (7168K)
 Metaspace       used 106544K, committed 107520K, reserved 1179648K
  class space    used 15123K, committed 15616K, reserved 1048576K
}
Event: 18.023 GC heap after
{Heap after GC invocations=25 (full 0):
 garbage-first heap   total 245760K, used 119388K [0x0000000080000000, 0x0000000100000000)
  region size 1024K, 1 young (1024K), 1 survivors (1024K)
 Metaspace       used 106544K, committed 107520K, reserved 1179648K
  class space    used 15123K, committed 15616K, reserved 1048576K
}
Event: 18.889 GC heap before
{Heap before GC invocations=25 (full 0):
 garbage-first heap   total 245760K, used 203356K [0x0000000080000000, 0x0000000100000000)
  region size 1024K, 84 young (86016K), 1 survivors (1024K)
 Metaspace       used 115192K, committed 116224K, reserved 1179648K
  class space    used 16621K, committed 17152K, reserved 1048576K
}
Event: 18.892 GC heap after
{Heap after GC invocations=26 (full 0):
 garbage-first heap   total 245760K, used 122729K [0x0000000080000000, 0x0000000100000000)
  region size 1024K, 5 young (5120K), 5 survivors (5120K)
 Metaspace       used 115192K, committed 116224K, reserved 1179648K
  class space    used 16621K, committed 17152K, reserved 1048576K
}
Event: 33.367 GC heap before
{Heap before GC invocations=27 (full 0):
 garbage-first heap   total 245760K, used 224105K [0x0000000080000000, 0x0000000100000000)
  region size 1024K, 85 young (87040K), 5 survivors (5120K)
 Metaspace       used 118359K, committed 119424K, reserved 1179648K
  class space    used 17053K, committed 17600K, reserved 1048576K
}
Event: 33.372 GC heap after
{Heap after GC invocations=28 (full 0):
 garbage-first heap   total 245760K, used 124635K [0x0000000080000000, 0x0000000100000000)
  region size 1024K, 7 young (7168K), 7 survivors (7168K)
 Metaspace       used 118359K, committed 119424K, reserved 1179648K
  class space    used 17053K, committed 17600K, reserved 1048576K
}
Event: 33.422 GC heap before
{Heap before GC invocations=28 (full 0):
 garbage-first heap   total 245760K, used 129755K [0x0000000080000000, 0x0000000100000000)
  region size 1024K, 12 young (12288K), 7 survivors (7168K)
 Metaspace       used 118411K, committed 119488K, reserved 1179648K
  class space    used 17056K, committed 17600K, reserved 1048576K
}
Event: 33.430 GC heap after
{Heap after GC invocations=29 (full 0):
 garbage-first heap   total 245760K, used 125204K [0x0000000080000000, 0x0000000100000000)
  region size 1024K, 2 young (2048K), 2 survivors (2048K)
 Metaspace       used 118411K, committed 119488K, reserved 1179648K
  class space    used 17056K, committed 17600K, reserved 1048576K
}
Event: 33.945 GC heap before
{Heap before GC invocations=29 (full 0):
 garbage-first heap   total 245760K, used 206100K [0x0000000080000000, 0x0000000100000000)
  region size 1024K, 81 young (82944K), 2 survivors (2048K)
 Metaspace       used 119046K, committed 120192K, reserved 1179648K
  class space    used 17079K, committed 17664K, reserved 1048576K
}
Event: 33.949 GC heap after
{Heap after GC invocations=30 (full 0):
 garbage-first heap   total 245760K, used 134126K [0x0000000080000000, 0x0000000100000000)
  region size 1024K, 11 young (11264K), 11 survivors (11264K)
 Metaspace       used 119046K, committed 120192K, reserved 1179648K
  class space    used 17079K, committed 17664K, reserved 1048576K
}

